  [1m[36m (123.0ms)[0m  [1mCREATE TABLE "schema_migrations" ("version" varchar NOT NULL) [0m
  [1m[35m (0.1ms)[0m  select sqlite_version(*)
  [1m[36m (121.8ms)[0m  [1mCREATE UNIQUE INDEX "unique_schema_migrations" ON "schema_migrations" ("version")[0m
  [1m[35mActiveRecord::SchemaMigration Load (0.2ms)[0m  SELECT "schema_migrations".* FROM "schema_migrations"
Migrating to CreateCustomers (20160520125919)
  [1m[36m (0.1ms)[0m  [1mbegin transaction[0m
  [1m[35m (0.3ms)[0m  CREATE TABLE "customers" ("id" INTEGER PRIMARY KEY AUTOINCREMENT NOT NULL, "name" varchar, "created_at" datetime NOT NULL, "updated_at" datetime NOT NULL) 
  [1m[36mSQL (0.2ms)[0m  [1mINSERT INTO "schema_migrations" ("version") VALUES (?)[0m  [["version", "20160520125919"]]
  [1m[35m (115.8ms)[0m  commit transaction
Migrating to CreateOrders (20160520130001)
  [1m[36m (0.1ms)[0m  [1mbegin transaction[0m
  [1m[35m (0.3ms)[0m  CREATE TABLE "orders" ("id" INTEGER PRIMARY KEY AUTOINCREMENT NOT NULL, "customer_id" integer, "created_at" datetime NOT NULL, "updated_at" datetime NOT NULL) 
  [1m[36m (0.1ms)[0m  [1mCREATE  INDEX "index_orders_on_customer_id" ON "orders" ("customer_id")[0m
  [1m[35mSQL (0.1ms)[0m  INSERT INTO "schema_migrations" ("version") VALUES (?)  [["version", "20160520130001"]]
  [1m[36m (108.7ms)[0m  [1mcommit transaction[0m
  [1m[35mActiveRecord::SchemaMigration Load (0.1ms)[0m  SELECT "schema_migrations".* FROM "schema_migrations"
  [1m[36m (0.2ms)[0m  [1m            SELECT sql
            FROM sqlite_master
            WHERE name='index_orders_on_customer_id' AND type='index'
            UNION ALL
            SELECT sql
            FROM sqlite_temp_master
            WHERE name='index_orders_on_customer_id' AND type='index'
[0m
  [1m[36m (0.1ms)[0m  [1mbegin transaction[0m
  [1m[35mSQL (0.3ms)[0m  INSERT INTO "customers" ("name", "created_at", "updated_at") VALUES (?, ?, ?)  [["name", "test"], ["created_at", "2016-05-20 13:01:28.418191"], ["updated_at", "2016-05-20 13:01:28.418191"]]
  [1m[36m (131.2ms)[0m  [1mcommit transaction[0m
  [1m[35m (0.0ms)[0m  begin transaction
  [1m[36mSQL (0.2ms)[0m  [1mINSERT INTO "orders" ("created_at", "updated_at") VALUES (?, ?)[0m  [["created_at", "2016-05-20 13:01:41.646558"], ["updated_at", "2016-05-20 13:01:41.646558"]]
  [1m[35m (117.9ms)[0m  commit transaction
  [1m[36mOrder Load (0.3ms)[0m  [1mSELECT "orders".* FROM "orders" WHERE "orders"."customer_id" = ?[0m  [["customer_id", 1]]
  [1m[35mCustomer Load (0.4ms)[0m  SELECT  "customers".* FROM "customers"  ORDER BY "customers"."id" ASC LIMIT 1
  [1m[36mOrder Load (0.2ms)[0m  [1mSELECT "orders".* FROM "orders" WHERE "orders"."customer_id" = ?[0m  [["customer_id", 1]]
  [1m[35m (0.2ms)[0m  begin transaction
  [1m[36mSQL (0.8ms)[0m  [1mUPDATE "orders" SET "customer_id" = ?, "updated_at" = ? WHERE "orders"."id" = ?[0m  [["customer_id", 1], ["updated_at", "2016-05-20 13:02:40.153446"], ["id", 1]]
  [1m[35m (133.6ms)[0m  commit transaction
  [1m[36mCustomer Load (0.2ms)[0m  [1mSELECT  "customers".* FROM "customers"  ORDER BY "customers"."id" ASC LIMIT 1[0m
  [1m[35mOrder Load (0.2ms)[0m  SELECT "orders".* FROM "orders" WHERE "orders"."customer_id" = ?  [["customer_id", 1]]
  [1m[36mCustomer Load (0.4ms)[0m  [1mSELECT  "customers".* FROM "customers"  ORDER BY "customers"."id" ASC LIMIT 1[0m
  [1m[35mOrder Load (0.3ms)[0m  SELECT "orders".* FROM "orders" WHERE "orders"."customer_id" = ?  [["customer_id", 1]]
  [1m[36mOrder Load (0.4ms)[0m  [1mSELECT  "orders".* FROM "orders"  ORDER BY "orders"."id" ASC LIMIT 1[0m
  [1m[35mOrder Load (0.4ms)[0m  SELECT  "orders".* FROM "orders"  ORDER BY "orders"."id" ASC LIMIT 1
  [1m[36mCustomer Load (0.3ms)[0m  [1mSELECT  "customers".* FROM "customers" WHERE "customers"."id" = ? LIMIT 1[0m  [["id", 1]]
  [1m[35m (0.3ms)[0m  begin transaction
  [1m[36mSQL (0.4ms)[0m  [1mINSERT INTO "orders" ("customer_id", "created_at", "updated_at") VALUES (?, ?, ?)[0m  [["customer_id", 1], ["created_at", "2016-05-20 13:04:31.656126"], ["updated_at", "2016-05-20 13:04:31.656126"]]
  [1m[35m (126.7ms)[0m  commit transaction
  [1m[36mCustomer Load (0.4ms)[0m  [1mSELECT  "customers".* FROM "customers"  ORDER BY "customers"."id" ASC LIMIT 1[0m
  [1m[35mOrder Load (0.3ms)[0m  SELECT "orders".* FROM "orders" WHERE "orders"."customer_id" = ?  [["customer_id", 1]]
